<?xml version="1.0" encoding="UTF-8"?>
<!-- Generated by org.testng.reporters.JUnitXMLReporter -->
<testsuite ignored="0" hostname="LAPTOP-35MR1O66" failures="1" tests="2" name="ErrorvalidationTest" time="13.208" errors="0" timestamp="2023-04-01T23:02:02 EDT">
  <testcase classname="SelenniumFramework.PageObjectModel.ErrorvalidationTest" name="loginPagevalidation" time="1.146">
    <failure type="java.lang.AssertionError" message="expected [Incorrect email or password.] but found [Incorrect email or password]">
      <![CDATA[java.lang.AssertionError: expected [Incorrect email or password.] but found [Incorrect email or password]
at SelenniumFramework.PageObjectModel.ErrorvalidationTest.loginPagevalidation(ErrorvalidationTest.java:17)
at java.base/java.util.ArrayList.forEach(ArrayList.java:1511)
at java.base/java.util.concurrent.FutureTask.run(FutureTask.java:264)
at java.base/java.util.concurrent.ThreadPoolExecutor.runWorker(ThreadPoolExecutor.java:1136)
at java.base/java.util.concurrent.ThreadPoolExecutor$Worker.run(ThreadPoolExecutor.java:635)
at java.base/java.lang.Thread.run(Thread.java:833)
... Removed 22 stack frames]]>
    </failure>
  </testcase> <!-- loginPagevalidation -->
  <testcase classname="SelenniumFramework.PageObjectModel.ErrorvalidationTest" name="productValidationTest" time="2.613"/>
</testsuite> <!-- ErrorvalidationTest -->
